z:\animegerdichian\project\project\x64\debug\vc141.pdb
z:\animegerdichian\project\project\x64\debug\vc141.idb
z:\animegerdichian\project\project\x64\debug\cashier.obj
z:\animegerdichian\project\project\x64\debug\inventorymenu.obj
z:\animegerdichian\project\project\x64\debug\mainmenu.obj
z:\animegerdichian\project\project\x64\debug\reports.obj
z:\animegerdichian\project\project\x64\debug\reader.obj
z:\animegerdichian\project\project\x64\debug\bookinfo.obj
z:\animegerdichian\project\project\x64\debug\module.obj
z:\animegerdichian\project\project\x64\debug\searchfor.obj
z:\animegerdichian\project\project\x64\debug\bookdata.obj
z:\animegerdichian\project\x64\debug\project.ilk
z:\animegerdichian\project\x64\debug\project.exe
z:\animegerdichian\project\x64\debug\project.pdb
z:\animegerdichian\project\project\x64\debug\cashier.obj.enc
z:\animegerdichian\project\project\x64\debug\mainmenu.obj.enc
z:\animegerdichian\project\project\x64\debug\project.tlog\cl.command.1.tlog
z:\animegerdichian\project\project\x64\debug\project.tlog\cl.read.1.tlog
z:\animegerdichian\project\project\x64\debug\project.tlog\cl.write.1.tlog
z:\animegerdichian\project\project\x64\debug\project.tlog\link.command.1.tlog
z:\animegerdichian\project\project\x64\debug\project.tlog\link.read.1.tlog
z:\animegerdichian\project\project\x64\debug\project.tlog\link.write.1.tlog
